build/outputs/logs/manifest-merger-debug-report.txt
-- Merging decision tree log ---
manifest
ADDED from Authentication5.0\AndroidManifest.xml:2:1-327:12
	xmlns:android
		ADDED from Authentication5.0\AndroidManifest.xml:2:11-69
	package
		ADDED from Authentication5.0\AndroidManifest.xml:3:5-42
	android:versionName
		ADDED from Authentication5.0\AndroidManifest.xml:5:5-30
		INJECTED from Authentication5.0\AndroidManifest.xml
		INJECTED from Authentication5.0\AndroidManifest.xml
	android:versionCode
		ADDED from Authentication5.0\AndroidManifest.xml:4:5-28
		INJECTED from Authentication5.0\AndroidManifest.xml
		INJECTED from Authentication5.0\AndroidManifest.xml
uses-permission#android.permission.READ_PHONE_STATE
ADDED from Authentication5.0\AndroidManifest.xml:7:5-75
	android:name
		ADDED from Authentication5.0\AndroidManifest.xml:7:22-72
uses-permission#android.permission.INTERNET
ADDED from Authentication5.0\AndroidManifest.xml:8:5-67
	android:name
		ADDED from Authentication5.0\AndroidManifest.xml:8:22-64
uses-permission#android.permission.ACCESS_NETWORK_STATE
ADDED from Authentication5.0\AndroidManifest.xml:9:5-79
	android:name
		ADDED from Authentication5.0\AndroidManifest.xml:9:22-76
uses-permission#android.permission.ACCESS_WIFI_STATE
ADDED from Authentication5.0\AndroidManifest.xml:10:5-76
	android:name
		ADDED from Authentication5.0\AndroidManifest.xml:10:22-73
uses-permission#android.permission.READ_LOGS
ADDED from Authentication5.0\AndroidManifest.xml:11:5-68
	android:name
		ADDED from Authentication5.0\AndroidManifest.xml:11:22-65
uses-permission#android.permission.SYSTEM_ALERT_WINDOW
ADDED from Authentication5.0\AndroidManifest.xml:13:5-78
	android:name
		ADDED from Authentication5.0\AndroidManifest.xml:13:22-75
uses-permission#android.permission.GET_TASKS
ADDED from Authentication5.0\AndroidManifest.xml:14:5-68
	android:name
		ADDED from Authentication5.0\AndroidManifest.xml:14:22-65
uses-permission#android.permission.WRITE_EXTERNAL_STORAGE
ADDED from Authentication5.0\AndroidManifest.xml:16:5-81
	android:name
		ADDED from Authentication5.0\AndroidManifest.xml:16:22-78
uses-permission#android.permission.READ_EXTERNAL_STORAGE
ADDED from Authentication5.0\AndroidManifest.xml:17:5-80
	android:name
		ADDED from Authentication5.0\AndroidManifest.xml:17:22-77
uses-permission#android.permission.CAMERA
ADDED from Authentication5.0\AndroidManifest.xml:18:5-65
	android:name
		ADDED from Authentication5.0\AndroidManifest.xml:18:22-62
uses-feature#android.hardware.camera
ADDED from Authentication5.0\AndroidManifest.xml:20:5-60
	android:name
		ADDED from Authentication5.0\AndroidManifest.xml:20:19-57
uses-feature#android.hardware.camera.autofocus
ADDED from Authentication5.0\AndroidManifest.xml:21:5-70
	android:name
		ADDED from Authentication5.0\AndroidManifest.xml:21:19-67
uses-feature#android.hardware.autofocus
ADDED from Authentication5.0\AndroidManifest.xml:26:5-63
	android:name
		ADDED from Authentication5.0\AndroidManifest.xml:26:19-60
uses-permission#android.permission.FLASHLIGHT
ADDED from Authentication5.0\AndroidManifest.xml:28:5-69
	android:name
		ADDED from Authentication5.0\AndroidManifest.xml:28:22-66
uses-permission#android.permission.MOUNT_UNMOUNT_FILESYSTEMS
ADDED from Authentication5.0\AndroidManifest.xml:32:5-84
	android:name
		ADDED from Authentication5.0\AndroidManifest.xml:32:22-81
uses-permission#android.permission.RECEIVE_BOOT_COMPLETED
ADDED from Authentication5.0\AndroidManifest.xml:44:5-81
	android:name
		ADDED from Authentication5.0\AndroidManifest.xml:44:22-78
uses-permission#android.permission.DISABLE_KEYGUARD
ADDED from Authentication5.0\AndroidManifest.xml:45:5-75
	android:name
		ADDED from Authentication5.0\AndroidManifest.xml:45:22-72
uses-permission#android.permission.WRITE_SETTINGS
ADDED from Authentication5.0\AndroidManifest.xml:46:5-73
	android:name
		ADDED from Authentication5.0\AndroidManifest.xml:46:22-70
uses-permission#android.permission.WAKE_LOCK
ADDED from Authentication5.0\AndroidManifest.xml:47:5-68
	android:name
		ADDED from Authentication5.0\AndroidManifest.xml:47:22-65
uses-permission#android.permission.VIBRATE
ADDED from Authentication5.0\AndroidManifest.xml:57:5-82
	android:name
		ADDED from Authentication5.0\AndroidManifest.xml:57:22-63
application
ADDED from Authentication5.0\AndroidManifest.xml:59:5-318:19
MERGED from [com.android.support:cardview-v7:23.2.0] AndroidManifest.xml:22:5-20
	android:label
		ADDED from Authentication5.0\AndroidManifest.xml:62:9-41
	android:icon
		ADDED from Authentication5.0\AndroidManifest.xml:61:9-38
	android:theme
		ADDED from Authentication5.0\AndroidManifest.xml:64:9-67
	android:largeHeap
		ADDED from Authentication5.0\AndroidManifest.xml:63:9-33
	android:name
		ADDED from Authentication5.0\AndroidManifest.xml:60:9-65
activity#com.authentication.activity.MainActivity
ADDED from Authentication5.0\AndroidManifest.xml:65:9-69:20
	android:theme
		ADDED from Authentication5.0\AndroidManifest.xml:67:13-60
	android:name
		ADDED from Authentication5.0\AndroidManifest.xml:66:13-40
activity#com.authentication.activity.SFZActivity
ADDED from Authentication5.0\AndroidManifest.xml:70:9-75:72
	android:screenOrientation
		ADDED from Authentication5.0\AndroidManifest.xml:74:13-49
	android:label
		ADDED from Authentication5.0\AndroidManifest.xml:73:13-45
	android:configChanges
		ADDED from Authentication5.0\AndroidManifest.xml:72:13-63
	android:theme
		ADDED from Authentication5.0\AndroidManifest.xml:75:13-60
	android:name
		ADDED from Authentication5.0\AndroidManifest.xml:71:13-39
activity#com.authentication.activity.LocationActivity
ADDED from Authentication5.0\AndroidManifest.xml:76:9-80:72
	android:screenOrientation
		ADDED from Authentication5.0\AndroidManifest.xml:79:13-49
	android:label
		ADDED from Authentication5.0\AndroidManifest.xml:78:13-45
	android:theme
		ADDED from Authentication5.0\AndroidManifest.xml:80:13-60
	android:name
		ADDED from Authentication5.0\AndroidManifest.xml:77:13-44
activity#com.authentication.activity.FingerprintActivity
ADDED from Authentication5.0\AndroidManifest.xml:81:9-86:72
	android:screenOrientation
		ADDED from Authentication5.0\AndroidManifest.xml:85:13-49
	android:label
		ADDED from Authentication5.0\AndroidManifest.xml:84:13-45
	android:configChanges
		ADDED from Authentication5.0\AndroidManifest.xml:83:13-63
	android:theme
		ADDED from Authentication5.0\AndroidManifest.xml:86:13-60
	android:name
		ADDED from Authentication5.0\AndroidManifest.xml:82:13-47
activity#com.authentication.activity.RFIDActivity
ADDED from Authentication5.0\AndroidManifest.xml:87:9-92:78
	android:screenOrientation
		ADDED from Authentication5.0\AndroidManifest.xml:91:13-49
	android:label
		ADDED from Authentication5.0\AndroidManifest.xml:90:13-45
	android:configChanges
		ADDED from Authentication5.0\AndroidManifest.xml:89:13-63
	android:theme
		ADDED from Authentication5.0\AndroidManifest.xml:92:13-66
	android:name
		ADDED from Authentication5.0\AndroidManifest.xml:88:13-40
activity#com.authentication.activity.ReadCardActivity
ADDED from Authentication5.0\AndroidManifest.xml:93:9-98:72
	android:screenOrientation
		ADDED from Authentication5.0\AndroidManifest.xml:97:13-49
	android:label
		ADDED from Authentication5.0\AndroidManifest.xml:96:13-45
	android:configChanges
		ADDED from Authentication5.0\AndroidManifest.xml:95:13-63
	android:theme
		ADDED from Authentication5.0\AndroidManifest.xml:98:13-60
	android:name
		ADDED from Authentication5.0\AndroidManifest.xml:94:13-44
activity#com.authentication.activity.TypeBActivity
ADDED from Authentication5.0\AndroidManifest.xml:99:9-104:72
	android:screenOrientation
		ADDED from Authentication5.0\AndroidManifest.xml:103:13-49
	android:label
		ADDED from Authentication5.0\AndroidManifest.xml:102:13-45
	android:configChanges
		ADDED from Authentication5.0\AndroidManifest.xml:101:13-63
	android:theme
		ADDED from Authentication5.0\AndroidManifest.xml:104:13-60
	android:name
		ADDED from Authentication5.0\AndroidManifest.xml:100:13-41
activity#com.authentication.activity.BarCodeActivity
ADDED from Authentication5.0\AndroidManifest.xml:105:9-110:72
	android:screenOrientation
		ADDED from Authentication5.0\AndroidManifest.xml:109:13-49
	android:label
		ADDED from Authentication5.0\AndroidManifest.xml:108:13-45
	android:configChanges
		ADDED from Authentication5.0\AndroidManifest.xml:107:13-63
	android:theme
		ADDED from Authentication5.0\AndroidManifest.xml:110:13-60
	android:name
		ADDED from Authentication5.0\AndroidManifest.xml:106:13-43
activity#com.authentication.activity.BarCodeSettingActivity
ADDED from Authentication5.0\AndroidManifest.xml:111:9-116:72
	android:screenOrientation
		ADDED from Authentication5.0\AndroidManifest.xml:115:13-49
	android:label
		ADDED from Authentication5.0\AndroidManifest.xml:114:13-45
	android:configChanges
		ADDED from Authentication5.0\AndroidManifest.xml:113:13-63
	android:theme
		ADDED from Authentication5.0\AndroidManifest.xml:116:13-60
	android:name
		ADDED from Authentication5.0\AndroidManifest.xml:112:13-50
activity#com.authentication.activity.RFID15693Activity
ADDED from Authentication5.0\AndroidManifest.xml:117:9-122:72
	android:screenOrientation
		ADDED from Authentication5.0\AndroidManifest.xml:121:13-49
	android:label
		ADDED from Authentication5.0\AndroidManifest.xml:120:13-45
	android:configChanges
		ADDED from Authentication5.0\AndroidManifest.xml:119:13-63
	android:theme
		ADDED from Authentication5.0\AndroidManifest.xml:122:13-60
	android:name
		ADDED from Authentication5.0\AndroidManifest.xml:118:13-45
activity#com.authentication.activity.CPUActivity
ADDED from Authentication5.0\AndroidManifest.xml:123:9-128:72
	android:screenOrientation
		ADDED from Authentication5.0\AndroidManifest.xml:127:13-50
	android:label
		ADDED from Authentication5.0\AndroidManifest.xml:126:13-45
	android:configChanges
		ADDED from Authentication5.0\AndroidManifest.xml:125:13-63
	android:theme
		ADDED from Authentication5.0\AndroidManifest.xml:128:13-60
	android:name
		ADDED from Authentication5.0\AndroidManifest.xml:124:13-39
activity#com.authentication.activity.HXUHFActivity
ADDED from Authentication5.0\AndroidManifest.xml:129:9-133:56
	android:screenOrientation
		ADDED from Authentication5.0\AndroidManifest.xml:132:13-50
	android:configChanges
		ADDED from Authentication5.0\AndroidManifest.xml:131:13-63
	android:theme
		ADDED from Authentication5.0\AndroidManifest.xml:133:13-44
	android:name
		ADDED from Authentication5.0\AndroidManifest.xml:130:13-41
activity#com.authentication.activity.HKUHFActivity
ADDED from Authentication5.0\AndroidManifest.xml:134:9-138:56
	android:screenOrientation
		ADDED from Authentication5.0\AndroidManifest.xml:137:13-50
	android:configChanges
		ADDED from Authentication5.0\AndroidManifest.xml:136:13-63
	android:theme
		ADDED from Authentication5.0\AndroidManifest.xml:138:13-44
	android:name
		ADDED from Authentication5.0\AndroidManifest.xml:135:13-41
activity#com.authentication.activity.SmartCardActivity
ADDED from Authentication5.0\AndroidManifest.xml:139:9-143:72
	android:screenOrientation
		ADDED from Authentication5.0\AndroidManifest.xml:142:13-49
	android:configChanges
		ADDED from Authentication5.0\AndroidManifest.xml:141:13-63
	android:theme
		ADDED from Authentication5.0\AndroidManifest.xml:143:13-60
	android:name
		ADDED from Authentication5.0\AndroidManifest.xml:140:13-45
activity#com.authentication.activity.SoftDecodingActivity
ADDED from Authentication5.0\AndroidManifest.xml:144:9-148:72
	android:screenOrientation
		ADDED from Authentication5.0\AndroidManifest.xml:147:13-49
	android:configChanges
		ADDED from Authentication5.0\AndroidManifest.xml:146:13-63
	android:theme
		ADDED from Authentication5.0\AndroidManifest.xml:148:13-60
	android:name
		ADDED from Authentication5.0\AndroidManifest.xml:145:13-48
activity#com.authentication.activity.ICCardActivity
ADDED from Authentication5.0\AndroidManifest.xml:149:9-152:61
	android:screenOrientation
		ADDED from Authentication5.0\AndroidManifest.xml:152:13-49
	android:configChanges
		ADDED from Authentication5.0\AndroidManifest.xml:151:13-63
	android:name
		ADDED from Authentication5.0\AndroidManifest.xml:150:13-42
activity#com.authentication.activity.SDLguiActivity
ADDED from Authentication5.0\AndroidManifest.xml:153:9-156:61
	android:screenOrientation
		ADDED from Authentication5.0\AndroidManifest.xml:156:13-49
	android:configChanges
		ADDED from Authentication5.0\AndroidManifest.xml:155:13-63
	android:name
		ADDED from Authentication5.0\AndroidManifest.xml:154:13-42
activity#com.authentication.activity.TestFingerprintActivity
ADDED from Authentication5.0\AndroidManifest.xml:157:9-160:72
	android:screenOrientation
		ADDED from Authentication5.0\AndroidManifest.xml:159:13-49
	android:theme
		ADDED from Authentication5.0\AndroidManifest.xml:160:13-60
	android:name
		ADDED from Authentication5.0\AndroidManifest.xml:158:13-79
activity#com.authentication.activity.MyFingerprintActivity1
ADDED from Authentication5.0\AndroidManifest.xml:161:9-163:61
	android:screenOrientation
		ADDED from Authentication5.0\AndroidManifest.xml:163:13-49
	android:name
		ADDED from Authentication5.0\AndroidManifest.xml:162:13-78
activity#com.example.parameter.WriteDataActivity
ADDED from Authentication5.0\AndroidManifest.xml:164:9-166:61
	android:screenOrientation
		ADDED from Authentication5.0\AndroidManifest.xml:166:13-49
	android:name
		ADDED from Authentication5.0\AndroidManifest.xml:165:13-67
activity#com.example.anjian.aty.Scan
ADDED from Authentication5.0\AndroidManifest.xml:167:9-169:61
	android:screenOrientation
		ADDED from Authentication5.0\AndroidManifest.xml:169:13-49
	android:name
		ADDED from Authentication5.0\AndroidManifest.xml:168:13-55
activity#com.example.anjian.aty.CircleActivity
ADDED from Authentication5.0\AndroidManifest.xml:170:9-172:61
	android:screenOrientation
		ADDED from Authentication5.0\AndroidManifest.xml:172:13-49
	android:name
		ADDED from Authentication5.0\AndroidManifest.xml:171:13-65
activity#com.example.anjian.aty.InspectItemAty
ADDED from Authentication5.0\AndroidManifest.xml:173:9-175:61
	android:screenOrientation
		ADDED from Authentication5.0\AndroidManifest.xml:175:13-49
	android:name
		ADDED from Authentication5.0\AndroidManifest.xml:174:13-65
activity#com.example.anjian.aty.InspectionSubAty
ADDED from Authentication5.0\AndroidManifest.xml:176:9-178:61
	android:screenOrientation
		ADDED from Authentication5.0\AndroidManifest.xml:178:13-49
	android:name
		ADDED from Authentication5.0\AndroidManifest.xml:177:13-67
activity#com.example.anjian.aty.TongbuAty
ADDED from Authentication5.0\AndroidManifest.xml:179:9-181:61
	android:screenOrientation
		ADDED from Authentication5.0\AndroidManifest.xml:181:13-49
	android:name
		ADDED from Authentication5.0\AndroidManifest.xml:180:13-60
activity#com.example.anjian.aty.MainActivity
ADDED from Authentication5.0\AndroidManifest.xml:182:9-184:61
	android:screenOrientation
		ADDED from Authentication5.0\AndroidManifest.xml:184:13-49
	android:name
		ADDED from Authentication5.0\AndroidManifest.xml:183:13-63
activity#com.example.outstation.aty.OutStationAty1
ADDED from Authentication5.0\AndroidManifest.xml:185:9-187:61
	android:screenOrientation
		ADDED from Authentication5.0\AndroidManifest.xml:187:13-49
	android:name
		ADDED from Authentication5.0\AndroidManifest.xml:186:13-69
activity#com.example.outstation.aty.OutStationAty2
ADDED from Authentication5.0\AndroidManifest.xml:188:9-190:61
	android:screenOrientation
		ADDED from Authentication5.0\AndroidManifest.xml:190:13-49
	android:name
		ADDED from Authentication5.0\AndroidManifest.xml:189:13-69
activity#com.example.outstation.aty.OutStationTakePhotoAty
ADDED from Authentication5.0\AndroidManifest.xml:191:9-193:61
	android:screenOrientation
		ADDED from Authentication5.0\AndroidManifest.xml:193:13-49
	android:name
		ADDED from Authentication5.0\AndroidManifest.xml:192:13-77
activity#com.example.outstation.aty.OutStationUploadDataAty
ADDED from Authentication5.0\AndroidManifest.xml:194:9-197:72
	android:screenOrientation
		ADDED from Authentication5.0\AndroidManifest.xml:196:13-49
	android:theme
		ADDED from Authentication5.0\AndroidManifest.xml:197:13-60
	android:name
		ADDED from Authentication5.0\AndroidManifest.xml:195:13-78
activity#com.example.outstation.aty.ScanAty
ADDED from Authentication5.0\AndroidManifest.xml:198:9-200:61
	android:screenOrientation
		ADDED from Authentication5.0\AndroidManifest.xml:200:13-49
	android:name
		ADDED from Authentication5.0\AndroidManifest.xml:199:13-62
activity#com.example.instation.LoginActivity
ADDED from Authentication5.0\AndroidManifest.xml:201:9-211:20
	android:screenOrientation
		ADDED from Authentication5.0\AndroidManifest.xml:203:13-49
	android:theme
		ADDED from Authentication5.0\AndroidManifest.xml:204:13-60
	android:name
		ADDED from Authentication5.0\AndroidManifest.xml:202:13-63
intent-filter#android.intent.action.MAIN+android.intent.category.LAUNCHER
ADDED from Authentication5.0\AndroidManifest.xml:206:13-209:29
action#android.intent.action.MAIN
ADDED from Authentication5.0\AndroidManifest.xml:207:17-69
	android:name
		ADDED from Authentication5.0\AndroidManifest.xml:207:25-66
category#android.intent.category.LAUNCHER
ADDED from Authentication5.0\AndroidManifest.xml:208:17-77
	android:name
		ADDED from Authentication5.0\AndroidManifest.xml:208:27-74
activity#com.example.instation.InStationActivity
ADDED from Authentication5.0\AndroidManifest.xml:212:9-214:61
	android:screenOrientation
		ADDED from Authentication5.0\AndroidManifest.xml:214:13-49
	android:name
		ADDED from Authentication5.0\AndroidManifest.xml:213:13-67
activity#com.example.instation.InStationTakePhotoActivity
ADDED from Authentication5.0\AndroidManifest.xml:215:9-217:61
	android:screenOrientation
		ADDED from Authentication5.0\AndroidManifest.xml:217:13-49
	android:name
		ADDED from Authentication5.0\AndroidManifest.xml:216:13-76
activity#com.example.instation.InStationUploadDataActivity
ADDED from Authentication5.0\AndroidManifest.xml:218:9-220:61
	android:screenOrientation
		ADDED from Authentication5.0\AndroidManifest.xml:220:13-49
	android:name
		ADDED from Authentication5.0\AndroidManifest.xml:219:13-77
activity#com.example.four_module.FourModuleAty
ADDED from Authentication5.0\AndroidManifest.xml:221:9-225:72
	android:screenOrientation
		ADDED from Authentication5.0\AndroidManifest.xml:224:13-49
	android:theme
		ADDED from Authentication5.0\AndroidManifest.xml:225:13-60
	android:name
		ADDED from Authentication5.0\AndroidManifest.xml:222:13-65
	android:launchMode
		ADDED from Authentication5.0\AndroidManifest.xml:223:13-44
activity#com.example.outstation.aty.OutStationAty_Finger
ADDED from Authentication5.0\AndroidManifest.xml:226:9-229:72
	android:screenOrientation
		ADDED from Authentication5.0\AndroidManifest.xml:228:13-49
	android:theme
		ADDED from Authentication5.0\AndroidManifest.xml:229:13-60
	android:name
		ADDED from Authentication5.0\AndroidManifest.xml:227:13-75
activity#com.authentication.activity.InSationHXUHFActivity
ADDED from Authentication5.0\AndroidManifest.xml:230:9-233:72
	android:screenOrientation
		ADDED from Authentication5.0\AndroidManifest.xml:232:13-49
	android:theme
		ADDED from Authentication5.0\AndroidManifest.xml:233:13-60
	android:name
		ADDED from Authentication5.0\AndroidManifest.xml:231:13-77
activity#com.authentication.activity.OutSationHXUHFActivity
ADDED from Authentication5.0\AndroidManifest.xml:234:9-237:72
	android:screenOrientation
		ADDED from Authentication5.0\AndroidManifest.xml:236:13-49
	android:theme
		ADDED from Authentication5.0\AndroidManifest.xml:237:13-60
	android:name
		ADDED from Authentication5.0\AndroidManifest.xml:235:13-78
activity#com.authentication.activity.AnjianSationHXUHFActivity
ADDED from Authentication5.0\AndroidManifest.xml:238:9-241:72
	android:screenOrientation
		ADDED from Authentication5.0\AndroidManifest.xml:240:13-49
	android:theme
		ADDED from Authentication5.0\AndroidManifest.xml:241:13-60
	android:name
		ADDED from Authentication5.0\AndroidManifest.xml:239:13-81
activity#com.example.synchronization.aty.HomePageActivity
ADDED from Authentication5.0\AndroidManifest.xml:242:9-245:72
	android:screenOrientation
		ADDED from Authentication5.0\AndroidManifest.xml:244:13-49
	android:theme
		ADDED from Authentication5.0\AndroidManifest.xml:245:13-60
	android:name
		ADDED from Authentication5.0\AndroidManifest.xml:243:13-76
activity#com.authentication.activity.RegisterFingerprintActivity
ADDED from Authentication5.0\AndroidManifest.xml:246:9-249:72
	android:screenOrientation
		ADDED from Authentication5.0\AndroidManifest.xml:248:13-49
	android:theme
		ADDED from Authentication5.0\AndroidManifest.xml:249:13-60
	android:name
		ADDED from Authentication5.0\AndroidManifest.xml:247:13-83
activity#com.example.down_install_APK.Down_Install_APK_aty
ADDED from Authentication5.0\AndroidManifest.xml:250:9-253:72
	android:screenOrientation
		ADDED from Authentication5.0\AndroidManifest.xml:252:13-49
	android:theme
		ADDED from Authentication5.0\AndroidManifest.xml:253:13-60
	android:name
		ADDED from Authentication5.0\AndroidManifest.xml:251:13-77
activity#com.example.outstation.Servers.OutofStationLicenceAty
ADDED from Authentication5.0\AndroidManifest.xml:254:9-257:72
	android:screenOrientation
		ADDED from Authentication5.0\AndroidManifest.xml:256:13-49
	android:theme
		ADDED from Authentication5.0\AndroidManifest.xml:257:13-60
	android:name
		ADDED from Authentication5.0\AndroidManifest.xml:255:13-81
activity#com.example.instation.InstationChooseActivity
ADDED from Authentication5.0\AndroidManifest.xml:259:9-263:72
	android:screenOrientation
		ADDED from Authentication5.0\AndroidManifest.xml:262:13-49
	android:theme
		ADDED from Authentication5.0\AndroidManifest.xml:263:13-60
	android:name
		ADDED from Authentication5.0\AndroidManifest.xml:260:13-73
	android:launchMode
		ADDED from Authentication5.0\AndroidManifest.xml:261:13-44
activity#com.example.instation.InstationUnconventionActivity
ADDED from Authentication5.0\AndroidManifest.xml:265:9-268:72
	android:screenOrientation
		ADDED from Authentication5.0\AndroidManifest.xml:267:13-49
	android:theme
		ADDED from Authentication5.0\AndroidManifest.xml:268:13-60
	android:name
		ADDED from Authentication5.0\AndroidManifest.xml:266:13-79
activity#com.example.outstation.aty.ExitstationChooseActivity
ADDED from Authentication5.0\AndroidManifest.xml:270:9-274:72
	android:screenOrientation
		ADDED from Authentication5.0\AndroidManifest.xml:273:13-49
	android:theme
		ADDED from Authentication5.0\AndroidManifest.xml:274:13-60
	android:name
		ADDED from Authentication5.0\AndroidManifest.xml:271:13-80
	android:launchMode
		ADDED from Authentication5.0\AndroidManifest.xml:272:13-44
activity#com.example.outstation.aty.ExitstationUnconventionActivity
ADDED from Authentication5.0\AndroidManifest.xml:276:9-279:72
	android:screenOrientation
		ADDED from Authentication5.0\AndroidManifest.xml:278:13-49
	android:theme
		ADDED from Authentication5.0\AndroidManifest.xml:279:13-60
	android:name
		ADDED from Authentication5.0\AndroidManifest.xml:277:13-86
activity#com.example.anjian.aty.Inspection_Choose_Activity
ADDED from Authentication5.0\AndroidManifest.xml:281:9-287:20
	android:screenOrientation
		ADDED from Authentication5.0\AndroidManifest.xml:283:13-49
	android:theme
		ADDED from Authentication5.0\AndroidManifest.xml:284:13-60
	android:name
		ADDED from Authentication5.0\AndroidManifest.xml:282:13-77
activity#com.example.anjian.aty.Inspection_UnComment_Activity
ADDED from Authentication5.0\AndroidManifest.xml:289:9-292:72
	android:screenOrientation
		ADDED from Authentication5.0\AndroidManifest.xml:291:13-49
	android:theme
		ADDED from Authentication5.0\AndroidManifest.xml:292:13-60
	android:name
		ADDED from Authentication5.0\AndroidManifest.xml:290:13-80
activity#com.authentication.activity.Uncomment_AnjianSationHXUHFActivity
ADDED from Authentication5.0\AndroidManifest.xml:294:9-298:72
	android:screenOrientation
		ADDED from Authentication5.0\AndroidManifest.xml:297:13-49
	android:theme
		ADDED from Authentication5.0\AndroidManifest.xml:298:13-60
	android:name
		ADDED from Authentication5.0\AndroidManifest.xml:295:13-91
	android:launchMode
		ADDED from Authentication5.0\AndroidManifest.xml:296:13-44
activity#com.example.anjian.aty.Anjian_Take_Picture_Activity
ADDED from Authentication5.0\AndroidManifest.xml:300:9-303:72
	android:screenOrientation
		ADDED from Authentication5.0\AndroidManifest.xml:302:13-49
	android:theme
		ADDED from Authentication5.0\AndroidManifest.xml:303:13-60
	android:name
		ADDED from Authentication5.0\AndroidManifest.xml:301:13-79
activity#cn.itcast.picture.TakePictureActivity
ADDED from Authentication5.0\AndroidManifest.xml:305:9-307:61
	android:screenOrientation
		ADDED from Authentication5.0\AndroidManifest.xml:307:13-49
	android:name
		ADDED from Authentication5.0\AndroidManifest.xml:306:13-65
service#com.example.outstation.Servers.OutofstationService
ADDED from Authentication5.0\AndroidManifest.xml:309:9-94
	android:name
		ADDED from Authentication5.0\AndroidManifest.xml:309:18-83
service#com.example.outstation.Servers.SynchronousOutOfStationService
ADDED from Authentication5.0\AndroidManifest.xml:311:9-105
	android:name
		ADDED from Authentication5.0\AndroidManifest.xml:311:18-94
service#com.example.instation.service.InStationService
ADDED from Authentication5.0\AndroidManifest.xml:313:9-90
	android:name
		ADDED from Authentication5.0\AndroidManifest.xml:313:18-79
service#com.example.instation.service.SynchronousInStationService
ADDED from Authentication5.0\AndroidManifest.xml:315:9-101
	android:name
		ADDED from Authentication5.0\AndroidManifest.xml:315:18-90
service#com.example.anjian.Servers.SynchronousAnjianService
ADDED from Authentication5.0\AndroidManifest.xml:317:9-95
	android:name
		ADDED from Authentication5.0\AndroidManifest.xml:317:18-84
supports-screens
ADDED from Authentication5.0\AndroidManifest.xml:320:5-323:40
	android:largeScreens
		ADDED from Authentication5.0\AndroidManifest.xml:322:9-36
	android:anyDensity
		ADDED from Authentication5.0\AndroidManifest.xml:321:9-34
	android:normalScreens
		ADDED from Authentication5.0\AndroidManifest.xml:323:9-37
uses-sdk
ADDED from Authentication5.0\AndroidManifest.xml:325:5-44
MERGED from [com.android.support:cardview-v7:23.2.0] AndroidManifest.xml:20:5-43
	android:minSdkVersion
		ADDED from Authentication5.0\AndroidManifest.xml:325:15-41